Using pre-set license
Built from '2020.3/staging' branch; Version is '2020.3.33f1 (915a7af8b0d5) revision 9525882'; Using compiler version '192528614'; Build Type 'Release'
OS: 'Windows 10  (10.0.19044) 64bit Professional' Language: 'en' Physical Memory: 32349 MB
BatchMode: 1, IsHumanControllingUs: 0, StartBugReporterOnCrash: 0, Is64bit: 1, IsPro: 0

COMMAND LINE ARGUMENTS:
C:\UnityFolder\2020.3.33f1\Editor\Unity.exe
-adb2
-batchMode
-noUpm
-name
AssetImportWorker0
-projectPath
C:/git-repositories/blade-runner-unity3d
-logFile
Logs/AssetImportWorker0.log
-srvPort
61405
Successfully changed project path to: C:/git-repositories/blade-runner-unity3d
C:/git-repositories/blade-runner-unity3d
Using Asset Import Pipeline V2.
Refreshing native plugins compatible for Editor in 105.35 ms, found 2 plugins.
Preloading 0 native plugins for Editor in 0.00 ms.
Initialize engine version: 2020.3.33f1 (915a7af8b0d5)
[Subsystems] Discovering subsystems at path C:/UnityFolder/2020.3.33f1/Editor/Data/Resources/UnitySubsystems
[Subsystems] Discovering subsystems at path C:/git-repositories/blade-runner-unity3d/Assets
GfxDevice: creating device client; threaded=0
Direct3D:
    Version:  Direct3D 11.0 [level 11.1]
    Renderer: Intel(R) UHD Graphics (ID=0x9b41)
    Vendor:   
    VRAM:     16174 MB
    Driver:   30.0.101.1404
Initialize mono
Mono path[0] = 'C:/UnityFolder/2020.3.33f1/Editor/Data/Managed'
Mono path[1] = 'C:/UnityFolder/2020.3.33f1/Editor/Data/MonoBleedingEdge/lib/mono/unityjit'
Mono config path = 'C:/UnityFolder/2020.3.33f1/Editor/Data/MonoBleedingEdge/etc'
Using monoOptions --debugger-agent=transport=dt_socket,embedding=1,server=y,suspend=n,address=127.0.0.1:56332
Begin MonoManager ReloadAssembly
Registering precompiled unity dll's ...
Register platform support module: C:/UnityFolder/2020.3.33f1/Editor/Data/PlaybackEngines/WebGLSupport/UnityEditor.WebGL.Extensions.dll
Register platform support module: C:/UnityFolder/2020.3.33f1/Editor/Data/PlaybackEngines/WindowsStandaloneSupport/UnityEditor.WindowsStandalone.Extensions.dll
Registered in 0.002739 seconds.
Native extension for WindowsStandalone target not found
Native extension for WebGL target not found
Refreshing native plugins compatible for Editor in 80.67 ms, found 2 plugins.
Preloading 0 native plugins for Editor in 0.00 ms.
Mono: successfully reloaded assembly
- Completed reload, in  0.802 seconds
Domain Reload Profiling:
	ReloadAssembly (802ms)
		BeginReloadAssembly (75ms)
			ExecutionOrderSort (0ms)
			DisableScriptedObjects (0ms)
			BackupInstance (0ms)
			ReleaseScriptingObjects (0ms)
			CreateAndSetChildDomain (1ms)
		EndReloadAssembly (635ms)
			LoadAssemblies (72ms)
			RebuildTransferFunctionScriptingTraits (0ms)
			SetupTypeCache (209ms)
			ReleaseScriptCaches (0ms)
			RebuildScriptCaches (44ms)
			SetupLoadedEditorAssemblies (257ms)
				LogAssemblyErrors (0ms)
				InitializePlatformSupportModulesInManaged (6ms)
				SetLoadedEditorAssemblies (0ms)
				RefreshPlugins (81ms)
				BeforeProcessingInitializeOnLoad (19ms)
				ProcessInitializeOnLoadAttributes (115ms)
				ProcessInitializeOnLoadMethodAttributes (36ms)
				AfterProcessingInitializeOnLoad (0ms)
				EditorAssembliesLoaded (0ms)
			ExecutionOrderSort2 (0ms)
			AwakeInstancesAfterBackupRestoration (0ms)
Platform modules already initialized, skipping
Registering precompiled user dll's ...
Registered in 0.004463 seconds.
Begin MonoManager ReloadAssembly
Symbol file LoadedFromMemory doesn't match image C:\git-repositories\blade-runner-unity3d\Library\PackageCache\com.unity.collab-proxy@1.15.15\Lib\Editor\PlasticSCM\unityplastic.dll
Native extension for WindowsStandalone target not found
Native extension for WebGL target not found
Refreshing native plugins compatible for Editor in 0.94 ms, found 2 plugins.
Preloading 0 native plugins for Editor in 0.00 ms.
Mono: successfully reloaded assembly
- Completed reload, in  1.204 seconds
Domain Reload Profiling:
	ReloadAssembly (1205ms)
		BeginReloadAssembly (181ms)
			ExecutionOrderSort (0ms)
			DisableScriptedObjects (7ms)
			BackupInstance (0ms)
			ReleaseScriptingObjects (0ms)
			CreateAndSetChildDomain (23ms)
		EndReloadAssembly (943ms)
			LoadAssemblies (99ms)
			RebuildTransferFunctionScriptingTraits (0ms)
			SetupTypeCache (251ms)
			ReleaseScriptCaches (0ms)
			RebuildScriptCaches (53ms)
			SetupLoadedEditorAssemblies (433ms)
				LogAssemblyErrors (0ms)
				InitializePlatformSupportModulesInManaged (7ms)
				SetLoadedEditorAssemblies (1ms)
				RefreshPlugins (1ms)
				BeforeProcessingInitializeOnLoad (114ms)
				ProcessInitializeOnLoadAttributes (279ms)
				ProcessInitializeOnLoadMethodAttributes (17ms)
				AfterProcessingInitializeOnLoad (13ms)
				EditorAssembliesLoaded (1ms)
			ExecutionOrderSort2 (0ms)
			AwakeInstancesAfterBackupRestoration (12ms)
Platform modules already initialized, skipping
========================================================================
Worker process is ready to serve import requests
Launched and connected shader compiler UnityShaderCompiler.exe after 0.06 seconds
Refreshing native plugins compatible for Editor in 1.28 ms, found 2 plugins.
Preloading 0 native plugins for Editor in 0.00 ms.
Unloading 1524 Unused Serialized files (Serialized files now loaded: 0)
System memory in use before: 76.2 MB.
System memory in use after: 76.3 MB.

Unloading 16 unused Assets to reduce memory usage. Loaded Objects now: 1969.
Total: 2.721900 ms (FindLiveObjects: 0.133800 ms CreateObjectMapping: 0.043500 ms MarkObjects: 2.460000 ms  DeleteObjects: 0.083900 ms)

AssetImportParameters requested are different than current active one (requested -> active):
  custom:framework-win-MediaFoundation: 216162199b28c13a410421893ffa2e32 -> 
  custom:video-decoder-ogg-theora: a1e56fd34408186e4bbccfd4996cb3dc -> 
  custom:container-muxer-webm: aa71ff27fc2769a1b78a27578f13a17b -> 
  custom:container-demuxer-webm: 4f35f7cbe854078d1ac9338744f61a02 -> 
  custom:container-demuxer-ogg: 62fdf1f143b41e24485cea50d1cbac27 -> 
  custom:video-encoder-webm-vp8: eb34c28f22e8b96e1ab97ce403110664 -> 
  custom:video-decoder-webm-vp8: 9c59270c3fd7afecdb556c50c9e8de78 -> 
  custom:audio-decoder-ogg-vorbis: bf7c407c2cedff20999df2af8eb42d56 -> 
  custom:audio-encoder-webm-vorbis: bf7c407c2cedff20999df2af8eb42d56 -> 
========================================================================
Received Import Request.
  path: Assets/PolygonCity/Prefabs/Buildings/SM_Bld_OfficeSquare_Base_01.prefab
  artifactKey: Guid(e2b1e7ce58c743c4d8d59a66eec6422b) Importer(815301076,1909f56bfc062723c751e8b465ee728b)
Start importing Assets/PolygonCity/Prefabs/Buildings/SM_Bld_OfficeSquare_Base_01.prefab using Guid(e2b1e7ce58c743c4d8d59a66eec6422b) Importer(815301076,1909f56bfc062723c751e8b465ee728b)  -> (artifact id: '6dd1d48a6eec79339d4d800c545555b2') in 0.166837 seconds 
========================================================================
Received Import Request.
  Time since last request: 0.000461 seconds.
  path: Assets/PolygonCity/Prefabs/Buildings/SM_Bld_OfficeSquare_02.prefab
  artifactKey: Guid(5bad3bfa14ca03549852bc34961b1515) Importer(815301076,1909f56bfc062723c751e8b465ee728b)
Start importing Assets/PolygonCity/Prefabs/Buildings/SM_Bld_OfficeSquare_02.prefab using Guid(5bad3bfa14ca03549852bc34961b1515) Importer(815301076,1909f56bfc062723c751e8b465ee728b)  -> (artifact id: 'e1de69a3c30f527fd75a79f4323f0804') in 0.037625 seconds 
========================================================================
Received Import Request.
  Time since last request: 0.000203 seconds.
  path: Assets/PolygonCity/Prefabs/Buildings/SM_Bld_Shop_Cover_05.prefab
  artifactKey: Guid(2605f88d3a092824691ed33e21a760ab) Importer(815301076,1909f56bfc062723c751e8b465ee728b)
Start importing Assets/PolygonCity/Prefabs/Buildings/SM_Bld_Shop_Cover_05.prefab using Guid(2605f88d3a092824691ed33e21a760ab) Importer(815301076,1909f56bfc062723c751e8b465ee728b)  -> (artifact id: '492958a3c6baadf4e4bca36049841452') in 0.039407 seconds 
========================================================================
Received Import Request.
  Time since last request: 0.000278 seconds.
  path: Assets/PolygonCity/Prefabs/Buildings/SM_Bld_OfficeRound_02.prefab
  artifactKey: Guid(0c4d65d4a970ec94e9c8b857586f6e71) Importer(815301076,1909f56bfc062723c751e8b465ee728b)
Start importing Assets/PolygonCity/Prefabs/Buildings/SM_Bld_OfficeRound_02.prefab using Guid(0c4d65d4a970ec94e9c8b857586f6e71) Importer(815301076,1909f56bfc062723c751e8b465ee728b)  -> (artifact id: '484426a749a60e2b84df30c42dfd846d') in 0.040374 seconds 
========================================================================
Received Import Request.
  Time since last request: 0.000245 seconds.
  path: Assets/PolygonCity/Prefabs/Buildings/SM_Bld_Station_01.prefab
  artifactKey: Guid(8fb9d4c1e830a6742bda038e0f8c11a8) Importer(815301076,1909f56bfc062723c751e8b465ee728b)
Start importing Assets/PolygonCity/Prefabs/Buildings/SM_Bld_Station_01.prefab using Guid(8fb9d4c1e830a6742bda038e0f8c11a8) Importer(815301076,1909f56bfc062723c751e8b465ee728b)  -> (artifact id: '90651ea59225529d6c63693372171616') in 0.044383 seconds 
========================================================================
Received Import Request.
  Time since last request: 0.000185 seconds.
  path: Assets/PolygonCity/Prefabs/Buildings/SM_Bld_OfficeRound_Roof_01.prefab
  artifactKey: Guid(a2507b8e2681bcc44ad4183e48f4589c) Importer(815301076,1909f56bfc062723c751e8b465ee728b)
Start importing Assets/PolygonCity/Prefabs/Buildings/SM_Bld_OfficeRound_Roof_01.prefab using Guid(a2507b8e2681bcc44ad4183e48f4589c) Importer(815301076,1909f56bfc062723c751e8b465ee728b)  -> (artifact id: '77db34ea6e78fe059b9ddc4e5a522e6b') in 0.056697 seconds 
========================================================================
Received Import Request.
  Time since last request: 0.000198 seconds.
  path: Assets/PolygonCity/Prefabs/Buildings/SM_Bld_Shop_05.prefab
  artifactKey: Guid(77dd7072ed0a2784d87c474eb9a288b7) Importer(815301076,1909f56bfc062723c751e8b465ee728b)
Start importing Assets/PolygonCity/Prefabs/Buildings/SM_Bld_Shop_05.prefab using Guid(77dd7072ed0a2784d87c474eb9a288b7) Importer(815301076,1909f56bfc062723c751e8b465ee728b)  -> (artifact id: 'f29abf43640bd23be400cdb4ca3b27c8') in 0.037432 seconds 
========================================================================
Received Import Request.
  Time since last request: 0.000226 seconds.
  path: Assets/PolygonCity/Prefabs/Buildings/SM_Bld_OfficeSquare_04.prefab
  artifactKey: Guid(464552aa0e0766d47a6df340d469df57) Importer(815301076,1909f56bfc062723c751e8b465ee728b)
Start importing Assets/PolygonCity/Prefabs/Buildings/SM_Bld_OfficeSquare_04.prefab using Guid(464552aa0e0766d47a6df340d469df57) Importer(815301076,1909f56bfc062723c751e8b465ee728b)  -> (artifact id: 'cf722d97480b1b98fcf02230c7829382') in 0.040234 seconds 
========================================================================
Received Import Request.
  Time since last request: 0.000237 seconds.
  path: Assets/PolygonCity/Prefabs/Buildings/SM_Bld_Shop_Corner_02.prefab
  artifactKey: Guid(6c5d6f00dd2f1d34e8b206b956e60329) Importer(815301076,1909f56bfc062723c751e8b465ee728b)
Start importing Assets/PolygonCity/Prefabs/Buildings/SM_Bld_Shop_Corner_02.prefab using Guid(6c5d6f00dd2f1d34e8b206b956e60329) Importer(815301076,1909f56bfc062723c751e8b465ee728b)  -> (artifact id: '6fc0f0c54285c686ec7f644348e4c878') in 0.036866 seconds 
========================================================================
Received Import Request.
  Time since last request: 0.000206 seconds.
  path: Assets/PolygonCity/Prefabs/Buildings/SM_Bld_OfficeRound_Base_01.prefab
  artifactKey: Guid(d8907e78c2c985144ab39a324c8597ea) Importer(815301076,1909f56bfc062723c751e8b465ee728b)
Start importing Assets/PolygonCity/Prefabs/Buildings/SM_Bld_OfficeRound_Base_01.prefab using Guid(d8907e78c2c985144ab39a324c8597ea) Importer(815301076,1909f56bfc062723c751e8b465ee728b)  -> (artifact id: '8abc754d268acf5535fc19183715d75d') in 0.040898 seconds 
========================================================================
Received Import Request.
  Time since last request: 0.000231 seconds.
  path: Assets/PolygonCity/Prefabs/Buildings/SM_Bld_Shop_01.prefab
  artifactKey: Guid(ade248290e90bae40b4a349101c343c8) Importer(815301076,1909f56bfc062723c751e8b465ee728b)
Start importing Assets/PolygonCity/Prefabs/Buildings/SM_Bld_Shop_01.prefab using Guid(ade248290e90bae40b4a349101c343c8) Importer(815301076,1909f56bfc062723c751e8b465ee728b)  -> (artifact id: '1b1d2f4446558785ebce41ee72271167') in 0.037730 seconds 
========================================================================
Received Import Request.
  Time since last request: 0.000229 seconds.
  path: Assets/PolygonCity/Prefabs/Buildings/SM_Bld_OfficeRound_01.prefab
  artifactKey: Guid(54c86e934c1824f46a2a8955ea57091b) Importer(815301076,1909f56bfc062723c751e8b465ee728b)
Start importing Assets/PolygonCity/Prefabs/Buildings/SM_Bld_OfficeRound_01.prefab using Guid(54c86e934c1824f46a2a8955ea57091b) Importer(815301076,1909f56bfc062723c751e8b465ee728b)  -> (artifact id: '37b7ef054cf6c42abc2452f21e5dab63') in 0.039933 seconds 
========================================================================
Received Import Request.
  Time since last request: 0.000244 seconds.
  path: Assets/PolygonCity/Prefabs/Buildings/SM_Bld_Shop_06.prefab
  artifactKey: Guid(1e70e6b05165f864f8c42dab5a2544f9) Importer(815301076,1909f56bfc062723c751e8b465ee728b)
Start importing Assets/PolygonCity/Prefabs/Buildings/SM_Bld_Shop_06.prefab using Guid(1e70e6b05165f864f8c42dab5a2544f9) Importer(815301076,1909f56bfc062723c751e8b465ee728b)  -> (artifact id: 'db755d79dc50fe557670fbf016425957') in 0.037739 seconds 
========================================================================
Received Import Request.
  Time since last request: 0.000265 seconds.
  path: Assets/PolygonCity/Prefabs/Buildings/SM_Bld_Shop_03.prefab
  artifactKey: Guid(e390f42c7625c914e9082218b571c91a) Importer(815301076,1909f56bfc062723c751e8b465ee728b)
Start importing Assets/PolygonCity/Prefabs/Buildings/SM_Bld_Shop_03.prefab using Guid(e390f42c7625c914e9082218b571c91a) Importer(815301076,1909f56bfc062723c751e8b465ee728b)  -> (artifact id: '9799d5eff434eecd5f75635b42d74753') in 0.039235 seconds 
========================================================================
Received Import Request.
  Time since last request: 0.000195 seconds.
  path: Assets/PolygonCity/Prefabs/Buildings/SM_Bld_OfficeRound_04.prefab
  artifactKey: Guid(57130355dd16ab04386646a2f8aac353) Importer(815301076,1909f56bfc062723c751e8b465ee728b)
Start importing Assets/PolygonCity/Prefabs/Buildings/SM_Bld_OfficeRound_04.prefab using Guid(57130355dd16ab04386646a2f8aac353) Importer(815301076,1909f56bfc062723c751e8b465ee728b)  -> (artifact id: 'd385785a6f004693cdbacead6cc3a132') in 0.036211 seconds 
========================================================================
Received Import Request.
  Time since last request: 0.000202 seconds.
  path: Assets/PolygonCity/Prefabs/Buildings/SM_Bld_Shop_Cover_01.prefab
  artifactKey: Guid(ea3006685c5815f429d7310b7eb965ca) Importer(815301076,1909f56bfc062723c751e8b465ee728b)
Start importing Assets/PolygonCity/Prefabs/Buildings/SM_Bld_Shop_Cover_01.prefab using Guid(ea3006685c5815f429d7310b7eb965ca) Importer(815301076,1909f56bfc062723c751e8b465ee728b)  -> (artifact id: '8aabf787934f5c817924830f4574ab1e') in 0.039821 seconds 
========================================================================
Received Import Request.
  Time since last request: 0.000243 seconds.
  path: Assets/PolygonCity/Prefabs/Buildings/SM_Bld_Station_02.prefab
  artifactKey: Guid(1a6cea8227331c841ba3a0f95dfbe662) Importer(815301076,1909f56bfc062723c751e8b465ee728b)
Start importing Assets/PolygonCity/Prefabs/Buildings/SM_Bld_Station_02.prefab using Guid(1a6cea8227331c841ba3a0f95dfbe662) Importer(815301076,1909f56bfc062723c751e8b465ee728b)  -> (artifact id: '2cd8ed6c8863c6952c8c875e80870793') in 0.038967 seconds 
========================================================================
Received Import Request.
  Time since last request: 0.000228 seconds.
  path: Assets/PolygonCity/Prefabs/Buildings/SM_Bld_Shop_Cover_03.prefab
  artifactKey: Guid(ea35cb37dd8ed464a813dd7e683a94b6) Importer(815301076,1909f56bfc062723c751e8b465ee728b)
Start importing Assets/PolygonCity/Prefabs/Buildings/SM_Bld_Shop_Cover_03.prefab using Guid(ea35cb37dd8ed464a813dd7e683a94b6) Importer(815301076,1909f56bfc062723c751e8b465ee728b)  -> (artifact id: 'e7084ddcfdc98fa2c4555818284f2755') in 0.043423 seconds 
========================================================================
Received Import Request.
  Time since last request: 0.000352 seconds.
  path: Assets/PolygonCity/Prefabs/Buildings/SM_Bld_Shop_Cover_04.prefab
  artifactKey: Guid(a5e568db0b228c24589c17f5b015934d) Importer(815301076,1909f56bfc062723c751e8b465ee728b)
Start importing Assets/PolygonCity/Prefabs/Buildings/SM_Bld_Shop_Cover_04.prefab using Guid(a5e568db0b228c24589c17f5b015934d) Importer(815301076,1909f56bfc062723c751e8b465ee728b)  -> (artifact id: '6a183fb65782ef0274e109cdeadbd7b6') in 0.058791 seconds 
========================================================================
Received Import Request.
  Time since last request: 0.000257 seconds.
  path: Assets/PolygonCity/Prefabs/Buildings/SM_Bld_Roof_Access_01.prefab
  artifactKey: Guid(e97c4383dd13fb54fb98ecc4e4be2ec3) Importer(815301076,1909f56bfc062723c751e8b465ee728b)
Start importing Assets/PolygonCity/Prefabs/Buildings/SM_Bld_Roof_Access_01.prefab using Guid(e97c4383dd13fb54fb98ecc4e4be2ec3) Importer(815301076,1909f56bfc062723c751e8b465ee728b)  -> (artifact id: '7c4ec802bce437d20bf684f8ecb5a28c') in 0.034639 seconds 
========================================================================
Received Import Request.
  Time since last request: 0.000350 seconds.
  path: Assets/PolygonCity/Prefabs/Buildings/SM_Bld_Shop_Cover_02.prefab
  artifactKey: Guid(739bafb6919218f46b973104ad258f8b) Importer(815301076,1909f56bfc062723c751e8b465ee728b)
Start importing Assets/PolygonCity/Prefabs/Buildings/SM_Bld_Shop_Cover_02.prefab using Guid(739bafb6919218f46b973104ad258f8b) Importer(815301076,1909f56bfc062723c751e8b465ee728b)  -> (artifact id: 'd57cac659ff52da9f7c9d2baa6b90a56') in 0.031589 seconds 
========================================================================
Received Import Request.
  Time since last request: 0.000190 seconds.
  path: Assets/PolygonCity/Prefabs/Buildings/SM_Prop_Water_Tower_01.prefab
  artifactKey: Guid(b1c9a178d3040a14aac77ac6bcbcc9bd) Importer(815301076,1909f56bfc062723c751e8b465ee728b)
Start importing Assets/PolygonCity/Prefabs/Buildings/SM_Prop_Water_Tower_01.prefab using Guid(b1c9a178d3040a14aac77ac6bcbcc9bd) Importer(815301076,1909f56bfc062723c751e8b465ee728b)  -> (artifact id: '9be011d85313192286085adbd35ea723') in 0.031044 seconds 
========================================================================
Received Import Request.
  Time since last request: 0.000185 seconds.
  path: Assets/PolygonCity/Prefabs/Buildings/SM_Bld_OfficeSquare_01.prefab
  artifactKey: Guid(f70c8059d9b8d60429d824a17015ed49) Importer(815301076,1909f56bfc062723c751e8b465ee728b)
Start importing Assets/PolygonCity/Prefabs/Buildings/SM_Bld_OfficeSquare_01.prefab using Guid(f70c8059d9b8d60429d824a17015ed49) Importer(815301076,1909f56bfc062723c751e8b465ee728b)  -> (artifact id: 'e900221f910a4427a2876a8ee6a05da8') in 0.031712 seconds 
========================================================================
Received Import Request.
  Time since last request: 0.000233 seconds.
  path: Assets/PolygonCity/Prefabs/Buildings/SM_Bld_Spire_01.prefab
  artifactKey: Guid(9ffce38584b432f48ab23b0733ce9853) Importer(815301076,1909f56bfc062723c751e8b465ee728b)
Start importing Assets/PolygonCity/Prefabs/Buildings/SM_Bld_Spire_01.prefab using Guid(9ffce38584b432f48ab23b0733ce9853) Importer(815301076,1909f56bfc062723c751e8b465ee728b)  -> (artifact id: '84ea77bbee3c9f7a274c15a7e4dff8c4') in 0.031864 seconds 
========================================================================
Received Import Request.
  Time since last request: 0.000229 seconds.
  path: Assets/PolygonCity/Prefabs/Buildings/SM_Bld_OfficeRound_03.prefab
  artifactKey: Guid(5d7e66e33ddbaf64cb3580e489134147) Importer(815301076,1909f56bfc062723c751e8b465ee728b)
Start importing Assets/PolygonCity/Prefabs/Buildings/SM_Bld_OfficeRound_03.prefab using Guid(5d7e66e33ddbaf64cb3580e489134147) Importer(815301076,1909f56bfc062723c751e8b465ee728b)  -> (artifact id: '001d02fe93dff35498c0589d3b2fd17f') in 0.030643 seconds 
========================================================================
Received Import Request.
  Time since last request: 0.000263 seconds.
  path: Assets/PolygonCity/Prefabs/Buildings/SM_Bld_Station_03.prefab
  artifactKey: Guid(8a86432aa20034e49aa63a2c97cee0f2) Importer(815301076,1909f56bfc062723c751e8b465ee728b)
Start importing Assets/PolygonCity/Prefabs/Buildings/SM_Bld_Station_03.prefab using Guid(8a86432aa20034e49aa63a2c97cee0f2) Importer(815301076,1909f56bfc062723c751e8b465ee728b)  -> (artifact id: 'c77b7001ff44cf5c883ca8496c277b9d') in 0.032508 seconds 
========================================================================
Received Import Request.
  Time since last request: 0.000218 seconds.
  path: Assets/PolygonCity/Prefabs/Buildings/SM_Bld_OfficeSquare_03.prefab
  artifactKey: Guid(83d0ec3c099b45e44b769c5f2a30890b) Importer(815301076,1909f56bfc062723c751e8b465ee728b)
Start importing Assets/PolygonCity/Prefabs/Buildings/SM_Bld_OfficeSquare_03.prefab using Guid(83d0ec3c099b45e44b769c5f2a30890b) Importer(815301076,1909f56bfc062723c751e8b465ee728b)  -> (artifact id: '561071e63d790d483f04ebf5013e4dd4') in 0.044944 seconds 
========================================================================
Received Import Request.
  Time since last request: 0.000320 seconds.
  path: Assets/PolygonCity/Prefabs/Buildings/SM_Bld_OfficeSquare_Roof_01.prefab
  artifactKey: Guid(8e6be04d8370d1c4fa754d22592984f1) Importer(815301076,1909f56bfc062723c751e8b465ee728b)
Start importing Assets/PolygonCity/Prefabs/Buildings/SM_Bld_OfficeSquare_Roof_01.prefab using Guid(8e6be04d8370d1c4fa754d22592984f1) Importer(815301076,1909f56bfc062723c751e8b465ee728b)  -> (artifact id: '2be79cf8c76c96c739c423f0f4a5a790') in 0.033226 seconds 
========================================================================
Received Import Request.
  Time since last request: 0.000230 seconds.
  path: Assets/PolygonCity/Prefabs/Buildings/SM_Bld_Shop_02.prefab
  artifactKey: Guid(694588147c2fd7e41b0105d7054a7f1a) Importer(815301076,1909f56bfc062723c751e8b465ee728b)
Start importing Assets/PolygonCity/Prefabs/Buildings/SM_Bld_Shop_02.prefab using Guid(694588147c2fd7e41b0105d7054a7f1a) Importer(815301076,1909f56bfc062723c751e8b465ee728b)  -> (artifact id: 'b93f85c67d3dffb5642539ce8c8fc5b8') in 0.031914 seconds 
========================================================================
Received Import Request.
  Time since last request: 0.000192 seconds.
  path: Assets/PolygonCity/Prefabs/Buildings/SM_Bld_Shop_Corner_01.prefab
  artifactKey: Guid(ea45161d31d19c540af5f5091648f652) Importer(815301076,1909f56bfc062723c751e8b465ee728b)
Start importing Assets/PolygonCity/Prefabs/Buildings/SM_Bld_Shop_Corner_01.prefab using Guid(ea45161d31d19c540af5f5091648f652) Importer(815301076,1909f56bfc062723c751e8b465ee728b)  -> (artifact id: 'd922fe50bc2afe69f8381892afdf18e8') in 0.032042 seconds 
========================================================================
Received Import Request.
  Time since last request: 0.000242 seconds.
  path: Assets/PolygonCity/Prefabs/Buildings/SM_Bld_Shop_04.prefab
  artifactKey: Guid(6e1b6bb6069c8c446bf14668e5eda0b4) Importer(815301076,1909f56bfc062723c751e8b465ee728b)
Start importing Assets/PolygonCity/Prefabs/Buildings/SM_Bld_Shop_04.prefab using Guid(6e1b6bb6069c8c446bf14668e5eda0b4) Importer(815301076,1909f56bfc062723c751e8b465ee728b)  -> (artifact id: '865e91ec6a54ee41d28d1661f44a9320') in 0.030092 seconds 
========================================================================
Received Import Request.
  Time since last request: 69.655932 seconds.
  path: Assets/PolygonCity/Prefabs/Vehicles/SM_Veh_Car_Ambo_01.prefab
  artifactKey: Guid(416c46ca128db5f4bb76f235b4f991d5) Importer(815301076,1909f56bfc062723c751e8b465ee728b)
Start importing Assets/PolygonCity/Prefabs/Vehicles/SM_Veh_Car_Ambo_01.prefab using Guid(416c46ca128db5f4bb76f235b4f991d5) Importer(815301076,1909f56bfc062723c751e8b465ee728b)  -> (artifact id: '5026bb6e7fa41b1f2bab45f9f87a001b') in 0.064581 seconds 
========================================================================
Received Import Request.
  Time since last request: 0.000298 seconds.
  path: Assets/PolygonCity/Prefabs/Vehicles/SM_Veh_Car_Muscle_01.prefab
  artifactKey: Guid(edf6cb56e12fba648b2cf1e7dfa5bf88) Importer(815301076,1909f56bfc062723c751e8b465ee728b)
Start importing Assets/PolygonCity/Prefabs/Vehicles/SM_Veh_Car_Muscle_01.prefab using Guid(edf6cb56e12fba648b2cf1e7dfa5bf88) Importer(815301076,1909f56bfc062723c751e8b465ee728b)  -> (artifact id: '431cc475495160acaa3113ca63f2bc8a') in 0.039036 seconds 
========================================================================
Received Import Request.
  Time since last request: 0.000222 seconds.
  path: Assets/PolygonCity/Prefabs/Vehicles/SM_Veh_Car_Police_01.prefab
  artifactKey: Guid(f539f0390d17a9f4a922b722e47998fe) Importer(815301076,1909f56bfc062723c751e8b465ee728b)
Start importing Assets/PolygonCity/Prefabs/Vehicles/SM_Veh_Car_Police_01.prefab using Guid(f539f0390d17a9f4a922b722e47998fe) Importer(815301076,1909f56bfc062723c751e8b465ee728b)  -> (artifact id: '355cfbde42eade808b0b62cd8c2d5c14') in 0.037877 seconds 
========================================================================
Received Import Request.
  Time since last request: 0.000304 seconds.
  path: Assets/PolygonCity/Prefabs/Vehicles/SM_Veh_Car_Medium_01.prefab
  artifactKey: Guid(fcd06c9319e99cc4bbee7ce7730d9422) Importer(815301076,1909f56bfc062723c751e8b465ee728b)
Start importing Assets/PolygonCity/Prefabs/Vehicles/SM_Veh_Car_Medium_01.prefab using Guid(fcd06c9319e99cc4bbee7ce7730d9422) Importer(815301076,1909f56bfc062723c751e8b465ee728b)  -> (artifact id: '95b5735251aa52bbc70f46401ab30f77') in 0.057328 seconds 
========================================================================
Received Import Request.
  Time since last request: 0.000260 seconds.
  path: Assets/PolygonCity/Prefabs/Vehicles/SM_Veh_Car_Van_01.prefab
  artifactKey: Guid(94469aeaca2d49442af381840b70bb6c) Importer(815301076,1909f56bfc062723c751e8b465ee728b)
Start importing Assets/PolygonCity/Prefabs/Vehicles/SM_Veh_Car_Van_01.prefab using Guid(94469aeaca2d49442af381840b70bb6c) Importer(815301076,1909f56bfc062723c751e8b465ee728b)  -> (artifact id: '17399d26927f4dcf20d88abd246a0749') in 0.053190 seconds 
========================================================================
Received Import Request.
  Time since last request: 0.000286 seconds.
  path: Assets/PolygonCity/Prefabs/Vehicles/SM_Veh_Car_Taxi_01.prefab
  artifactKey: Guid(a916a44328d322240bd1aaaca22fc8a7) Importer(815301076,1909f56bfc062723c751e8b465ee728b)
Start importing Assets/PolygonCity/Prefabs/Vehicles/SM_Veh_Car_Taxi_01.prefab using Guid(a916a44328d322240bd1aaaca22fc8a7) Importer(815301076,1909f56bfc062723c751e8b465ee728b)  -> (artifact id: '77ec66be03d35dc853b9263e205cf515') in 0.054064 seconds 
========================================================================
Received Import Request.
  Time since last request: 0.000248 seconds.
  path: Assets/PolygonCity/Prefabs/Vehicles/SM_Veh_Car_Small_01.prefab
  artifactKey: Guid(0383b854a926f1643b20f9c7cdb2e4de) Importer(815301076,1909f56bfc062723c751e8b465ee728b)
Start importing Assets/PolygonCity/Prefabs/Vehicles/SM_Veh_Car_Small_01.prefab using Guid(0383b854a926f1643b20f9c7cdb2e4de) Importer(815301076,1909f56bfc062723c751e8b465ee728b)  -> (artifact id: 'a20a85ed5e381ff5e79f1dd6068768e8') in 0.055342 seconds 
========================================================================
Received Import Request.
  Time since last request: 0.000253 seconds.
  path: Assets/PolygonCity/Prefabs/Vehicles/SM_Veh_Car_Sedan_01.prefab
  artifactKey: Guid(85ac88d7c46e0ea4583870a98cc13580) Importer(815301076,1909f56bfc062723c751e8b465ee728b)
Start importing Assets/PolygonCity/Prefabs/Vehicles/SM_Veh_Car_Sedan_01.prefab using Guid(85ac88d7c46e0ea4583870a98cc13580) Importer(815301076,1909f56bfc062723c751e8b465ee728b)  -> (artifact id: 'ee909fc88b5ee788052785e46b46d968') in 0.055833 seconds 
========================================================================
Received Import Request.
  Time since last request: 0.000227 seconds.
  path: Assets/PolygonCity/Prefabs/Vehicles/SM_Veh_Steering_Wheel_01.prefab
  artifactKey: Guid(722e3b426f61a5e44b0cfe828760da3e) Importer(815301076,1909f56bfc062723c751e8b465ee728b)
Start importing Assets/PolygonCity/Prefabs/Vehicles/SM_Veh_Steering_Wheel_01.prefab using Guid(722e3b426f61a5e44b0cfe828760da3e) Importer(815301076,1909f56bfc062723c751e8b465ee728b)  -> (artifact id: '9e1003d37a320130a9c6af1595d41440') in 0.065594 seconds 
AssetImportWorkerClient::OnTransportError - code=2 error=End of file
